INFO 2021-09-21 15:01:03,882 autoreload 4445 4710419968 Watching for file changes with StatReloader
WARNING 2021-09-21 15:01:08,568 basehttp 4445 123145381789696 "GET / HTTP/1.1" 404 2532
WARNING 2021-09-21 15:01:08,791 basehttp 4445 123145398579200 "GET /favicon.ico HTTP/1.1" 404 2583
WARNING 2021-09-21 15:01:16,542 basehttp 4445 123145381789696 "GET /finance HTTP/1.1" 404 2571
WARNING 2021-09-21 15:02:00,586 basehttp 4445 123145381789696 "GET / HTTP/1.1" 404 2532
INFO 2021-09-21 15:02:17,345 basehttp 4445 123145381789696 "GET /admin HTTP/1.1" 301 0
INFO 2021-09-21 15:02:17,367 basehttp 4445 123145381789696 "GET /admin/ HTTP/1.1" 302 0
INFO 2021-09-21 15:02:17,405 basehttp 4445 123145381789696 "GET /admin/login/?next=/admin/ HTTP/1.1" 200 2214
INFO 2021-09-21 15:02:17,414 basehttp 4445 123145381789696 "GET /static/admin/css/base.css HTTP/1.1" 200 19513
INFO 2021-09-21 15:02:17,423 basehttp 4445 123145381789696 "GET /static/admin/css/fonts.css HTTP/1.1" 200 423
INFO 2021-09-21 15:02:17,423 basehttp 4445 123145398579200 "GET /static/admin/css/nav_sidebar.css HTTP/1.1" 200 2271
INFO 2021-09-21 15:02:17,424 basehttp 4445 123145432158208 "GET /static/admin/css/login.css HTTP/1.1" 200 939
INFO 2021-09-21 15:02:17,424 basehttp 4445 123145415368704 "GET /static/admin/js/nav_sidebar.js HTTP/1.1" 200 1360
INFO 2021-09-21 15:02:17,425 basehttp 4445 123145448947712 "GET /static/admin/css/responsive.css HTTP/1.1" 200 18545
INFO 2021-09-21 15:02:17,432 basehttp 4445 123145381789696 "GET /static/admin/fonts/Roboto-Regular-webfont.woff HTTP/1.1" 200 85876
INFO 2021-09-21 15:02:17,456 basehttp 4445 123145381789696 "GET /static/admin/fonts/Roboto-Light-webfont.woff HTTP/1.1" 200 85692
INFO 2021-09-21 15:02:23,315 basehttp 4445 123145381789696 "POST /admin/login/?next=/admin/ HTTP/1.1" 200 2375
INFO 2021-09-21 15:02:23,342 basehttp 4445 123145381789696 "GET /static/admin/fonts/Roboto-Bold-webfont.woff HTTP/1.1" 200 86184
WARNING 2021-09-21 15:02:33,124 basehttp 4445 123145381789696 "GET /finance HTTP/1.1" 404 2571
INFO 2021-09-21 15:02:54,671 basehttp 4445 123145465737216 "GET /admin/login/?next=/admin/ HTTP/1.1" 200 2214
WARNING 2021-09-21 15:02:55,868 basehttp 4445 123145381789696 "GET /account HTTP/1.1" 404 2571
INFO 2021-09-21 15:03:03,252 basehttp 4445 123145465737216 "GET /admin/login/?next=/admin/ HTTP/1.1" 200 2214
INFO 2021-09-21 15:03:03,749 basehttp 4445 123145465737216 "GET /admin/ HTTP/1.1" 302 0
INFO 2021-09-21 15:03:03,767 basehttp 4445 123145465737216 "GET /admin/login/?next=/admin/ HTTP/1.1" 200 2214
INFO 2021-09-21 15:20:02,562 basehttp 4445 123145381789696 "GET /about HTTP/1.1" 301 0
INFO 2021-09-21 15:20:02,584 basehttp 4445 123145381789696 "GET /about/ HTTP/1.1" 200 2693
INFO 2021-09-21 15:20:02,598 basehttp 4445 123145381789696 "GET /static/bootstrap/css/bootstrap.min.css HTTP/1.1" 200 159515
INFO 2021-09-21 15:20:02,604 basehttp 4445 123145398579200 "GET /static/default/css/main.css HTTP/1.1" 200 236
INFO 2021-09-21 15:20:02,606 basehttp 4445 123145432158208 "GET /static/bootstrap/js/bootstrap.min.js HTTP/1.1" 200 60010
INFO 2021-09-21 15:20:02,607 basehttp 4445 123145415368704 "GET /static/jquery/jquery-3.4.1.min.js HTTP/1.1" 200 88145
INFO 2021-09-21 15:20:06,485 basehttp 4445 123145381789696 "GET /about/ HTTP/1.1" 200 2693
INFO 2021-09-21 15:20:08,135 basehttp 4445 123145381789696 "GET /finance/balance/list/ HTTP/1.1" 302 0
INFO 2021-09-21 15:20:08,171 basehttp 4445 123145381789696 "GET /account/login/?next=/finance/balance/list/ HTTP/1.1" 200 4343
INFO 2021-09-21 15:20:09,987 basehttp 4445 123145381789696 "GET /account/registration/register/ HTTP/1.1" 200 5373
ERROR 2021-09-21 15:20:58,723 log 4445 123145381789696 Internal Server Error: /account/registration/register/
Traceback (most recent call last):
  File "/Users/liz.malinovskaya/butoma/bsuir_2020_python/project/venv/lib/python3.8/site-packages/django/core/handlers/exception.py", line 47, in inner
    response = get_response(request)
  File "/Users/liz.malinovskaya/butoma/bsuir_2020_python/project/venv/lib/python3.8/site-packages/django/core/handlers/base.py", line 181, in _get_response
    response = wrapped_callback(request, *callback_args, **callback_kwargs)
  File "/Users/liz.malinovskaya/butoma/bsuir_2020_python/project/venv/lib/python3.8/site-packages/django/views/generic/base.py", line 70, in view
    return self.dispatch(request, *args, **kwargs)
  File "/Users/liz.malinovskaya/butoma/bsuir_2020_python/project/venv/lib/python3.8/site-packages/django/utils/decorators.py", line 43, in _wrapper
    return bound_method(*args, **kwargs)
  File "/Users/liz.malinovskaya/butoma/bsuir_2020_python/project/venv/lib/python3.8/site-packages/django/views/decorators/debug.py", line 89, in sensitive_post_parameters_wrapper
    return view(request, *args, **kwargs)
  File "/Users/liz.malinovskaya/butoma/bsuir_2020_python/project/venv/lib/python3.8/site-packages/django_registration/views.py", line 54, in dispatch
    return super().dispatch(*args, **kwargs)
  File "/Users/liz.malinovskaya/butoma/bsuir_2020_python/project/venv/lib/python3.8/site-packages/django/views/generic/base.py", line 98, in dispatch
    return handler(request, *args, **kwargs)
  File "/Users/liz.malinovskaya/butoma/bsuir_2020_python/project/venv/lib/python3.8/site-packages/django/views/generic/edit.py", line 142, in post
    return self.form_valid(form)
  File "/Users/liz.malinovskaya/butoma/bsuir_2020_python/project/venv/lib/python3.8/site-packages/django_registration/views.py", line 98, in form_valid
    return HttpResponseRedirect(self.get_success_url(self.register(form)))
  File "/Users/liz.malinovskaya/butoma/bsuir_2020_python/project/venv/lib/python3.8/site-packages/django_registration/backends/activation/views.py", line 40, in register
    new_user = self.create_inactive_user(form)
  File "/Users/liz.malinovskaya/butoma/bsuir_2020_python/project/venv/lib/python3.8/site-packages/django_registration/backends/activation/views.py", line 56, in create_inactive_user
    self.send_activation_email(new_user)
  File "/Users/liz.malinovskaya/butoma/bsuir_2020_python/project/venv/lib/python3.8/site-packages/django_registration/backends/activation/views.py", line 102, in send_activation_email
    user.email_user(subject, message, settings.DEFAULT_FROM_EMAIL)
  File "/Users/liz.malinovskaya/butoma/bsuir_2020_python/project/venv/lib/python3.8/site-packages/django/contrib/auth/models.py", line 386, in email_user
    send_mail(subject, message, from_email, [self.email], **kwargs)
  File "/Users/liz.malinovskaya/butoma/bsuir_2020_python/project/venv/lib/python3.8/site-packages/django/core/mail/__init__.py", line 61, in send_mail
    return mail.send()
  File "/Users/liz.malinovskaya/butoma/bsuir_2020_python/project/venv/lib/python3.8/site-packages/django/core/mail/message.py", line 284, in send
    return self.get_connection(fail_silently).send_messages([self])
  File "/Users/liz.malinovskaya/butoma/bsuir_2020_python/project/venv/lib/python3.8/site-packages/django/core/mail/backends/smtp.py", line 109, in send_messages
    sent = self._send(message)
  File "/Users/liz.malinovskaya/butoma/bsuir_2020_python/project/venv/lib/python3.8/site-packages/django/core/mail/backends/smtp.py", line 125, in _send
    self.connection.sendmail(from_email, recipients, message.as_bytes(linesep='\r\n'))
  File "/Library/Developer/CommandLineTools/Library/Frameworks/Python3.framework/Versions/3.8/lib/python3.8/smtplib.py", line 871, in sendmail
    raise SMTPSenderRefused(code, resp, from_addr)
smtplib.SMTPSenderRefused: (530, b'5.7.0 Authentication Required. Learn more at\n5.7.0  https://support.google.com/mail/?p=WantAuthError e11sm7587999ejm.41 - gsmtp', 'webmaster@localhost')
ERROR 2021-09-21 15:20:58,740 basehttp 4445 123145381789696 "POST /account/registration/register/ HTTP/1.1" 500 134364
INFO 2021-09-21 15:31:18,802 autoreload 4576 4354186752 Watching for file changes with StatReloader
WARNING 2021-09-21 15:31:32,714 basehttp 4576 123145557794816 "GET / HTTP/1.1" 404 2532
INFO 2021-09-21 15:31:36,521 basehttp 4576 123145574584320 "GET /about/ HTTP/1.1" 200 2693
INFO 2021-09-21 15:31:39,797 basehttp 4576 123145557794816 "GET /about/ HTTP/1.1" 200 2693
INFO 2021-09-21 15:31:41,411 basehttp 4576 123145557794816 "GET /account/registration/register/ HTTP/1.1" 200 5373
INFO 2021-09-21 15:32:17,081 basehttp 4576 123145557794816 "GET /account/registration/register/ HTTP/1.1" 200 5373
INFO 2021-09-21 15:33:32,750 autoreload 4591 4689337856 Watching for file changes with StatReloader
INFO 2021-09-21 15:33:47,733 basehttp 4591 123145455046656 "GET /account/registration/register/ HTTP/1.1" 200 5373
INFO 2021-09-21 15:34:26,039 basehttp 4591 123145455046656 "POST /account/registration/register/ HTTP/1.1" 200 5555
ERROR 2021-09-21 15:34:41,512 log 4591 123145455046656 Internal Server Error: /account/registration/register/
Traceback (most recent call last):
  File "/Users/liz.malinovskaya/butoma/bsuir_2020_python/project/venv/lib/python3.8/site-packages/django/core/handlers/exception.py", line 47, in inner
    response = get_response(request)
  File "/Users/liz.malinovskaya/butoma/bsuir_2020_python/project/venv/lib/python3.8/site-packages/django/core/handlers/base.py", line 181, in _get_response
    response = wrapped_callback(request, *callback_args, **callback_kwargs)
  File "/Users/liz.malinovskaya/butoma/bsuir_2020_python/project/venv/lib/python3.8/site-packages/django/views/generic/base.py", line 70, in view
    return self.dispatch(request, *args, **kwargs)
  File "/Users/liz.malinovskaya/butoma/bsuir_2020_python/project/venv/lib/python3.8/site-packages/django/utils/decorators.py", line 43, in _wrapper
    return bound_method(*args, **kwargs)
  File "/Users/liz.malinovskaya/butoma/bsuir_2020_python/project/venv/lib/python3.8/site-packages/django/views/decorators/debug.py", line 89, in sensitive_post_parameters_wrapper
    return view(request, *args, **kwargs)
  File "/Users/liz.malinovskaya/butoma/bsuir_2020_python/project/venv/lib/python3.8/site-packages/django_registration/views.py", line 54, in dispatch
    return super().dispatch(*args, **kwargs)
  File "/Users/liz.malinovskaya/butoma/bsuir_2020_python/project/venv/lib/python3.8/site-packages/django/views/generic/base.py", line 98, in dispatch
    return handler(request, *args, **kwargs)
  File "/Users/liz.malinovskaya/butoma/bsuir_2020_python/project/venv/lib/python3.8/site-packages/django/views/generic/edit.py", line 142, in post
    return self.form_valid(form)
  File "/Users/liz.malinovskaya/butoma/bsuir_2020_python/project/venv/lib/python3.8/site-packages/django_registration/views.py", line 98, in form_valid
    return HttpResponseRedirect(self.get_success_url(self.register(form)))
  File "/Users/liz.malinovskaya/butoma/bsuir_2020_python/project/venv/lib/python3.8/site-packages/django_registration/backends/activation/views.py", line 40, in register
    new_user = self.create_inactive_user(form)
  File "/Users/liz.malinovskaya/butoma/bsuir_2020_python/project/venv/lib/python3.8/site-packages/django_registration/backends/activation/views.py", line 56, in create_inactive_user
    self.send_activation_email(new_user)
  File "/Users/liz.malinovskaya/butoma/bsuir_2020_python/project/venv/lib/python3.8/site-packages/django_registration/backends/activation/views.py", line 102, in send_activation_email
    user.email_user(subject, message, settings.DEFAULT_FROM_EMAIL)
  File "/Users/liz.malinovskaya/butoma/bsuir_2020_python/project/venv/lib/python3.8/site-packages/django/contrib/auth/models.py", line 386, in email_user
    send_mail(subject, message, from_email, [self.email], **kwargs)
  File "/Users/liz.malinovskaya/butoma/bsuir_2020_python/project/venv/lib/python3.8/site-packages/django/core/mail/__init__.py", line 61, in send_mail
    return mail.send()
  File "/Users/liz.malinovskaya/butoma/bsuir_2020_python/project/venv/lib/python3.8/site-packages/django/core/mail/message.py", line 284, in send
    return self.get_connection(fail_silently).send_messages([self])
  File "/Users/liz.malinovskaya/butoma/bsuir_2020_python/project/venv/lib/python3.8/site-packages/django/core/mail/backends/smtp.py", line 109, in send_messages
    sent = self._send(message)
  File "/Users/liz.malinovskaya/butoma/bsuir_2020_python/project/venv/lib/python3.8/site-packages/django/core/mail/backends/smtp.py", line 125, in _send
    self.connection.sendmail(from_email, recipients, message.as_bytes(linesep='\r\n'))
  File "/Library/Developer/CommandLineTools/Library/Frameworks/Python3.framework/Versions/3.8/lib/python3.8/smtplib.py", line 871, in sendmail
    raise SMTPSenderRefused(code, resp, from_addr)
smtplib.SMTPSenderRefused: (530, b'5.7.0 Authentication Required. Learn more at\n5.7.0  https://support.google.com/mail/?p=WantAuthError d11sm7641552ejw.8 - gsmtp', 'webmaster@localhost')
ERROR 2021-09-21 15:34:41,530 basehttp 4591 123145455046656 "POST /account/registration/register/ HTTP/1.1" 500 133876
INFO 2021-09-21 15:35:44,038 autoreload 4591 4689337856 /Users/liz.malinovskaya/butoma/bsuir_2020_python/project/financial_manager/settings.py changed, reloading.
INFO 2021-09-21 15:35:44,934 autoreload 4605 4478635520 Watching for file changes with StatReloader
INFO 2021-09-21 15:36:01,860 autoreload 4605 4478635520 /Users/liz.malinovskaya/butoma/bsuir_2020_python/project/financial_manager/settings.py changed, reloading.
INFO 2021-09-21 15:36:02,363 autoreload 4615 4769390080 Watching for file changes with StatReloader
INFO 2021-09-21 15:37:39,075 autoreload 4632 4605951488 Watching for file changes with StatReloader
INFO 2021-09-21 15:37:45,633 autoreload 4632 4605951488 /Users/liz.malinovskaya/butoma/bsuir_2020_python/project/financial_manager/settings.py changed, reloading.
INFO 2021-09-21 15:37:46,133 autoreload 4635 4379414016 Watching for file changes with StatReloader
INFO 2021-09-21 15:37:49,075 autoreload 4641 4539313664 Watching for file changes with StatReloader
INFO 2021-09-21 15:38:06,096 basehttp 4641 123145360969728 "POST /account/registration/register/ HTTP/1.1" 302 0
INFO 2021-09-21 15:38:08,563 basehttp 4641 123145360969728 "GET /account/registration/complete/ HTTP/1.1" 200 2849
INFO 2021-09-21 15:38:13,422 basehttp 4641 123145360969728 "GET /account/registration/register/ HTTP/1.1" 200 5373
INFO 2021-09-21 15:38:18,425 basehttp 4641 123145360969728 "GET /account/login/ HTTP/1.1" 200 4343
INFO 2021-09-21 15:39:10,831 basehttp 4641 123145360969728 "GET /account/registration/activate/ImRldXptMiI:1mShqO:Jx4H4IrtpT-tPbZRxMJJ7d_uvGLyWREZpt2prjUFvYE/ HTTP/1.1" 302 0
INFO 2021-09-21 15:39:10,839 basehttp 4641 123145360969728 "GET /account/registration/activation/complete/ HTTP/1.1" 200 2816
INFO 2021-09-21 15:39:13,055 basehttp 4641 123145377759232 "GET /account/login/ HTTP/1.1" 200 4343
INFO 2021-09-21 15:39:25,891 basehttp 4641 123145377759232 "POST /account/login/ HTTP/1.1" 200 4533
INFO 2021-09-21 15:39:33,731 basehttp 4641 123145377759232 "POST /account/login/ HTTP/1.1" 200 4533
INFO 2021-09-21 15:39:40,518 basehttp 4641 123145377759232 "POST /account/login/ HTTP/1.1" 302 0
INFO 2021-09-21 15:39:40,561 basehttp 4641 123145377759232 "GET /account/profile/ HTTP/1.1" 200 6280
INFO 2021-09-21 15:39:40,572 basehttp 4641 123145394548736 "GET /media/default/profile_image.jpg HTTP/1.1" 200 10994
INFO 2021-09-21 15:39:40,572 basehttp 4641 123145377759232 "GET /static/accounts/main.css HTTP/1.1" 200 126
INFO 2021-09-21 15:40:07,326 basehttp 4641 123145377759232 "POST /account/profile/ HTTP/1.1" 200 6320
INFO 2021-09-21 15:40:27,033 basehttp 4641 123145377759232 "POST /account/profile/ HTTP/1.1" 302 0
INFO 2021-09-21 15:40:27,081 basehttp 4641 123145377759232 "GET /account/profile/ HTTP/1.1" 200 6575
INFO 2021-09-21 15:40:27,089 basehttp 4641 123145377759232 "GET /media/profile_pics/488E73C3-5E7F-474A-80CD-C6DC61EAAA0A_1_201_a.jpeg HTTP/1.1" 200 4974
INFO 2021-09-21 15:40:32,844 basehttp 4641 123145377759232 "GET /finance/balance/list/ HTTP/1.1" 200 2647
INFO 2021-09-21 15:40:34,047 basehttp 4641 123145377759232 "GET /finance/balance/create/ HTTP/1.1" 200 4153
INFO 2021-09-21 15:40:51,598 basehttp 4641 123145377759232 "POST /finance/balance/create/ HTTP/1.1" 302 0
INFO 2021-09-21 15:40:51,615 basehttp 4641 123145377759232 "GET /finance/balance/1/ HTTP/1.1" 200 3702
INFO 2021-09-21 15:40:56,025 basehttp 4641 123145377759232 "GET /finance/expense/create/ HTTP/1.1" 200 3450
INFO 2021-09-21 15:41:06,151 basehttp 4641 123145377759232 "POST /finance/expense/create/ HTTP/1.1" 302 0
INFO 2021-09-21 15:41:06,167 basehttp 4641 123145377759232 "GET /finance/expense/1/ HTTP/1.1" 200 3604
INFO 2021-09-21 15:41:09,412 basehttp 4641 123145377759232 "GET /finance/expense/1/update/ HTTP/1.1" 200 3473
INFO 2021-09-21 15:41:10,674 basehttp 4641 123145377759232 "POST /finance/expense/1/update/ HTTP/1.1" 302 0
INFO 2021-09-21 15:41:10,688 basehttp 4641 123145377759232 "GET /finance/expense/1/ HTTP/1.1" 200 3604
INFO 2021-09-21 15:41:13,166 basehttp 4641 123145377759232 "GET /finance/payment/create/ HTTP/1.1" 200 4755
INFO 2021-09-21 15:41:26,086 basehttp 4641 123145377759232 "POST /finance/payment/create/ HTTP/1.1" 302 0
INFO 2021-09-21 15:41:26,104 basehttp 4641 123145377759232 "GET /finance/payment/1/ HTTP/1.1" 200 3645
INFO 2021-09-21 15:41:30,615 basehttp 4641 123145377759232 "GET /finance/balance/list/ HTTP/1.1" 200 2968
INFO 2021-09-21 15:41:32,843 basehttp 4641 123145377759232 "GET /finance/payment/list/ HTTP/1.1" 200 3679
INFO 2021-09-21 15:41:35,968 basehttp 4641 123145377759232 "GET /finance/transfer/list/ HTTP/1.1" 200 3242
INFO 2021-09-21 15:41:37,538 basehttp 4641 123145377759232 "GET /account/profile/ HTTP/1.1" 200 6391
INFO 2021-09-21 15:41:37,546 basehttp 4641 123145377759232 "GET /media/profile_pics/488E73C3-5E7F-474A-80CD-C6DC61EAAA0A_1_201_a.jpeg HTTP/1.1" 304 0
INFO 2021-09-21 15:41:39,054 basehttp 4641 123145377759232 "GET /about/ HTTP/1.1" 200 2681
INFO 2021-09-21 15:41:49,673 basehttp 4641 123145377759232 "GET /finance/payment/list/ HTTP/1.1" 200 3679
INFO 2021-09-21 15:41:51,954 basehttp 4641 123145377759232 "GET /finance/payment/1/ HTTP/1.1" 200 3645
INFO 2021-09-21 15:41:53,923 basehttp 4641 123145377759232 "GET /finance/payment/1/delete/ HTTP/1.1" 200 3348
INFO 2021-09-21 15:41:55,058 basehttp 4641 123145377759232 "POST /finance/payment/1/delete/ HTTP/1.1" 302 0
INFO 2021-09-21 15:41:55,070 basehttp 4641 123145377759232 "GET /finance/payment/list/ HTTP/1.1" 200 3242
INFO 2021-09-21 15:41:56,078 basehttp 4641 123145377759232 "GET /about/ HTTP/1.1" 200 2681
INFO 2021-09-21 15:41:57,258 basehttp 4641 123145377759232 "GET /finance/balance/list/ HTTP/1.1" 200 2969
INFO 2021-09-21 15:41:59,229 basehttp 4641 123145377759232 "GET /finance/balance/1/ HTTP/1.1" 200 3702
INFO 2021-09-21 15:42:00,825 basehttp 4641 123145377759232 "GET /finance/balance/1/delete/ HTTP/1.1" 200 3332
INFO 2021-09-21 15:42:02,071 basehttp 4641 123145377759232 "POST /finance/balance/1/delete/ HTTP/1.1" 302 0
INFO 2021-09-21 15:42:02,082 basehttp 4641 123145377759232 "GET /finance/balance/list/ HTTP/1.1" 200 2647
INFO 2021-09-21 15:42:03,483 basehttp 4641 123145377759232 "GET /finance/transfer/list/ HTTP/1.1" 200 3242
INFO 2021-09-21 15:43:33,570 basehttp 4641 123145360969728 "GET /finance/expense/list/ HTTP/1.1" 200 2916
INFO 2021-09-21 15:43:36,072 basehttp 4641 123145360969728 "GET /finance/expense/1/delete/ HTTP/1.1" 200 3352
INFO 2021-09-21 15:43:37,014 basehttp 4641 123145360969728 "POST /finance/expense/1/delete/ HTTP/1.1" 302 0
INFO 2021-09-21 15:43:37,026 basehttp 4641 123145360969728 "GET /finance/expense/list/ HTTP/1.1" 200 2647
INFO 2021-09-21 15:43:38,304 basehttp 4641 123145360969728 "GET /finance/payment/list/ HTTP/1.1" 200 3242
INFO 2021-09-21 15:43:39,016 basehttp 4641 123145360969728 "GET /finance/transfer/list/ HTTP/1.1" 200 3242
INFO 2021-09-21 15:43:39,955 basehttp 4641 123145360969728 "GET /finance/balance/list/ HTTP/1.1" 200 2647
INFO 2021-09-21 15:43:41,430 basehttp 4641 123145360969728 "GET /finance/balance/create/ HTTP/1.1" 200 4153
INFO 2021-09-21 15:43:48,579 basehttp 4641 123145360969728 "POST /finance/balance/create/ HTTP/1.1" 302 0
INFO 2021-09-21 15:43:48,595 basehttp 4641 123145360969728 "GET /finance/balance/2/ HTTP/1.1" 200 3708
INFO 2021-09-21 15:44:01,775 basehttp 4641 123145360969728 "GET /finance/expense/create/ HTTP/1.1" 200 3450
INFO 2021-09-21 15:44:06,042 basehttp 4641 123145360969728 "POST /finance/expense/create/ HTTP/1.1" 302 0
INFO 2021-09-21 15:44:06,058 basehttp 4641 123145360969728 "GET /finance/expense/2/ HTTP/1.1" 200 3582
INFO 2021-09-21 15:44:07,724 basehttp 4641 123145360969728 "GET /finance/expense/create/ HTTP/1.1" 200 3450
INFO 2021-09-21 15:44:11,737 basehttp 4641 123145360969728 "POST /finance/expense/create/ HTTP/1.1" 302 0
INFO 2021-09-21 15:44:11,752 basehttp 4641 123145360969728 "GET /finance/expense/3/ HTTP/1.1" 200 3582
INFO 2021-09-21 15:44:15,629 basehttp 4641 123145360969728 "GET /finance/payment/create/ HTTP/1.1" 200 4788
INFO 2021-09-21 15:44:30,017 basehttp 4641 123145360969728 "POST /finance/payment/create/ HTTP/1.1" 302 0
INFO 2021-09-21 15:44:30,035 basehttp 4641 123145360969728 "GET /finance/payment/2/ HTTP/1.1" 200 3612
INFO 2021-09-21 15:44:43,310 basehttp 4641 123145360969728 "GET /finance/payment/list/ HTTP/1.1" 200 3659
INFO 2021-09-21 15:44:45,520 basehttp 4641 123145360969728 "GET /finance/transfer/list/ HTTP/1.1" 200 3242
INFO 2021-09-21 15:44:46,740 basehttp 4641 123145360969728 "GET /finance/payment/list/ HTTP/1.1" 200 3659
INFO 2021-09-21 15:44:47,503 basehttp 4641 123145360969728 "GET /finance/balance/list/ HTTP/1.1" 200 2969
INFO 2021-09-21 15:44:48,796 basehttp 4641 123145360969728 "GET /finance/transfer/create/ HTTP/1.1" 200 4074
INFO 2021-09-21 15:45:00,754 basehttp 4641 123145360969728 "POST /finance/transfer/create/ HTTP/1.1" 302 0
ERROR 2021-09-21 15:45:01,404 log 4641 123145360969728 Internal Server Error: /finance/transfer/create/USD/EUR/
Traceback (most recent call last):
  File "/Users/liz.malinovskaya/butoma/bsuir_2020_python/project/venv/lib/python3.8/site-packages/django/core/handlers/exception.py", line 47, in inner
    response = get_response(request)
  File "/Users/liz.malinovskaya/butoma/bsuir_2020_python/project/venv/lib/python3.8/site-packages/django/core/handlers/base.py", line 181, in _get_response
    response = wrapped_callback(request, *callback_args, **callback_kwargs)
  File "/Users/liz.malinovskaya/butoma/bsuir_2020_python/project/venv/lib/python3.8/site-packages/django/views/generic/base.py", line 70, in view
    return self.dispatch(request, *args, **kwargs)
  File "/Users/liz.malinovskaya/butoma/bsuir_2020_python/project/venv/lib/python3.8/site-packages/django/contrib/auth/mixins.py", line 71, in dispatch
    return super().dispatch(request, *args, **kwargs)
  File "/Users/liz.malinovskaya/butoma/bsuir_2020_python/project/venv/lib/python3.8/site-packages/django/views/generic/base.py", line 98, in dispatch
    return handler(request, *args, **kwargs)
  File "/Users/liz.malinovskaya/butoma/bsuir_2020_python/project/finance/views.py", line 190, in get
    coef = get_currency_rate(from_str, to_str)
  File "/Users/liz.malinovskaya/butoma/bsuir_2020_python/project/finance/currency.py", line 10, in get_currency_rate
    rates = json.loads(response.content)['rates']
KeyError: 'rates'
ERROR 2021-09-21 15:45:01,412 basehttp 4641 123145360969728 "GET /finance/transfer/create/USD/EUR/ HTTP/1.1" 500 79236
INFO 2021-09-21 15:45:14,608 basehttp 4641 123145360969728 "POST /finance/transfer/create/ HTTP/1.1" 302 0
ERROR 2021-09-21 15:45:15,033 log 4641 123145360969728 Internal Server Error: /finance/transfer/create/USD/EUR/
Traceback (most recent call last):
  File "/Users/liz.malinovskaya/butoma/bsuir_2020_python/project/venv/lib/python3.8/site-packages/django/core/handlers/exception.py", line 47, in inner
    response = get_response(request)
  File "/Users/liz.malinovskaya/butoma/bsuir_2020_python/project/venv/lib/python3.8/site-packages/django/core/handlers/base.py", line 181, in _get_response
    response = wrapped_callback(request, *callback_args, **callback_kwargs)
  File "/Users/liz.malinovskaya/butoma/bsuir_2020_python/project/venv/lib/python3.8/site-packages/django/views/generic/base.py", line 70, in view
    return self.dispatch(request, *args, **kwargs)
  File "/Users/liz.malinovskaya/butoma/bsuir_2020_python/project/venv/lib/python3.8/site-packages/django/contrib/auth/mixins.py", line 71, in dispatch
    return super().dispatch(request, *args, **kwargs)
  File "/Users/liz.malinovskaya/butoma/bsuir_2020_python/project/venv/lib/python3.8/site-packages/django/views/generic/base.py", line 98, in dispatch
    return handler(request, *args, **kwargs)
  File "/Users/liz.malinovskaya/butoma/bsuir_2020_python/project/finance/views.py", line 190, in get
    coef = get_currency_rate(from_str, to_str)
  File "/Users/liz.malinovskaya/butoma/bsuir_2020_python/project/finance/currency.py", line 10, in get_currency_rate
    rates = json.loads(response.content)['rates']
KeyError: 'rates'
ERROR 2021-09-21 15:45:15,033 basehttp 4641 123145360969728 "GET /finance/transfer/create/USD/EUR/ HTTP/1.1" 500 79236
INFO 2021-09-21 15:45:26,720 basehttp 4641 123145360969728 "POST /finance/transfer/create/ HTTP/1.1" 302 0
INFO 2021-09-21 15:45:26,766 basehttp 4641 123145360969728 "GET /finance/transfer/create/USD/USD/ HTTP/1.1" 200 4230
ERROR 2021-09-21 15:45:51,138 log 4641 123145360969728 Internal Server Error: /finance/transfer/create/USD/USD/
Traceback (most recent call last):
  File "/Users/liz.malinovskaya/butoma/bsuir_2020_python/project/venv/lib/python3.8/site-packages/django/core/handlers/exception.py", line 47, in inner
    response = get_response(request)
  File "/Users/liz.malinovskaya/butoma/bsuir_2020_python/project/venv/lib/python3.8/site-packages/django/core/handlers/base.py", line 181, in _get_response
    response = wrapped_callback(request, *callback_args, **callback_kwargs)
  File "/Users/liz.malinovskaya/butoma/bsuir_2020_python/project/venv/lib/python3.8/site-packages/django/views/generic/base.py", line 70, in view
    return self.dispatch(request, *args, **kwargs)
  File "/Users/liz.malinovskaya/butoma/bsuir_2020_python/project/venv/lib/python3.8/site-packages/django/contrib/auth/mixins.py", line 71, in dispatch
    return super().dispatch(request, *args, **kwargs)
  File "/Users/liz.malinovskaya/butoma/bsuir_2020_python/project/venv/lib/python3.8/site-packages/django/views/generic/base.py", line 98, in dispatch
    return handler(request, *args, **kwargs)
  File "/Users/liz.malinovskaya/butoma/bsuir_2020_python/project/venv/lib/python3.8/site-packages/django/views/generic/edit.py", line 172, in post
    return super().post(request, *args, **kwargs)
  File "/Users/liz.malinovskaya/butoma/bsuir_2020_python/project/venv/lib/python3.8/site-packages/django/views/generic/edit.py", line 142, in post
    return self.form_valid(form)
  File "/Users/liz.malinovskaya/butoma/bsuir_2020_python/project/finance/views.py", line 198, in form_valid
    form.instance.coef = get_currency_rate(from_balance.currency, to_balance.currency)
  File "/Users/liz.malinovskaya/butoma/bsuir_2020_python/project/finance/currency.py", line 10, in get_currency_rate
    rates = json.loads(response.content)['rates']
KeyError: 'rates'
ERROR 2021-09-21 15:45:51,140 basehttp 4641 123145360969728 "POST /finance/transfer/create/USD/USD/ HTTP/1.1" 500 88795
INFO 2021-09-21 15:45:56,949 basehttp 4641 123145360969728 "GET /finance/balance/create/ HTTP/1.1" 200 4153
INFO 2021-09-21 15:46:03,117 basehttp 4641 123145360969728 "POST /finance/balance/create/ HTTP/1.1" 302 0
INFO 2021-09-21 15:46:03,133 basehttp 4641 123145360969728 "GET /finance/balance/3/ HTTP/1.1" 200 3693
INFO 2021-09-21 15:46:07,694 basehttp 4641 123145360969728 "GET /finance/balance/list/ HTTP/1.1" 200 3283
INFO 2021-09-21 15:46:13,289 basehttp 4641 123145360969728 "GET /finance/payment/list/ HTTP/1.1" 200 3659
INFO 2021-09-21 15:46:15,750 basehttp 4641 123145360969728 "GET /finance/transfer/create/ HTTP/1.1" 200 4074
INFO 2021-09-21 15:46:19,585 basehttp 4641 123145360969728 "POST /finance/transfer/create/ HTTP/1.1" 302 0
INFO 2021-09-21 15:46:19,623 basehttp 4641 123145360969728 "GET /finance/transfer/create/USD/USD/ HTTP/1.1" 200 4306
ERROR 2021-09-21 15:46:27,502 log 4641 123145360969728 Internal Server Error: /finance/transfer/create/USD/USD/
Traceback (most recent call last):
  File "/Users/liz.malinovskaya/butoma/bsuir_2020_python/project/venv/lib/python3.8/site-packages/django/core/handlers/exception.py", line 47, in inner
    response = get_response(request)
  File "/Users/liz.malinovskaya/butoma/bsuir_2020_python/project/venv/lib/python3.8/site-packages/django/core/handlers/base.py", line 181, in _get_response
    response = wrapped_callback(request, *callback_args, **callback_kwargs)
  File "/Users/liz.malinovskaya/butoma/bsuir_2020_python/project/venv/lib/python3.8/site-packages/django/views/generic/base.py", line 70, in view
    return self.dispatch(request, *args, **kwargs)
  File "/Users/liz.malinovskaya/butoma/bsuir_2020_python/project/venv/lib/python3.8/site-packages/django/contrib/auth/mixins.py", line 71, in dispatch
    return super().dispatch(request, *args, **kwargs)
  File "/Users/liz.malinovskaya/butoma/bsuir_2020_python/project/venv/lib/python3.8/site-packages/django/views/generic/base.py", line 98, in dispatch
    return handler(request, *args, **kwargs)
  File "/Users/liz.malinovskaya/butoma/bsuir_2020_python/project/venv/lib/python3.8/site-packages/django/views/generic/edit.py", line 172, in post
    return super().post(request, *args, **kwargs)
  File "/Users/liz.malinovskaya/butoma/bsuir_2020_python/project/venv/lib/python3.8/site-packages/django/views/generic/edit.py", line 142, in post
    return self.form_valid(form)
  File "/Users/liz.malinovskaya/butoma/bsuir_2020_python/project/finance/views.py", line 198, in form_valid
    form.instance.coef = get_currency_rate(from_balance.currency, to_balance.currency)
  File "/Users/liz.malinovskaya/butoma/bsuir_2020_python/project/finance/currency.py", line 10, in get_currency_rate
    rates = json.loads(response.content)['rates']
KeyError: 'rates'
ERROR 2021-09-21 15:46:27,503 basehttp 4641 123145360969728 "POST /finance/transfer/create/USD/USD/ HTTP/1.1" 500 88790
ERROR 2021-09-21 15:46:40,900 log 4641 123145360969728 Internal Server Error: /finance/transfer/create/USD/USD/
Traceback (most recent call last):
  File "/Users/liz.malinovskaya/butoma/bsuir_2020_python/project/venv/lib/python3.8/site-packages/django/core/handlers/exception.py", line 47, in inner
    response = get_response(request)
  File "/Users/liz.malinovskaya/butoma/bsuir_2020_python/project/venv/lib/python3.8/site-packages/django/core/handlers/base.py", line 181, in _get_response
    response = wrapped_callback(request, *callback_args, **callback_kwargs)
  File "/Users/liz.malinovskaya/butoma/bsuir_2020_python/project/venv/lib/python3.8/site-packages/django/views/generic/base.py", line 70, in view
    return self.dispatch(request, *args, **kwargs)
  File "/Users/liz.malinovskaya/butoma/bsuir_2020_python/project/venv/lib/python3.8/site-packages/django/contrib/auth/mixins.py", line 71, in dispatch
    return super().dispatch(request, *args, **kwargs)
  File "/Users/liz.malinovskaya/butoma/bsuir_2020_python/project/venv/lib/python3.8/site-packages/django/views/generic/base.py", line 98, in dispatch
    return handler(request, *args, **kwargs)
  File "/Users/liz.malinovskaya/butoma/bsuir_2020_python/project/venv/lib/python3.8/site-packages/django/views/generic/edit.py", line 172, in post
    return super().post(request, *args, **kwargs)
  File "/Users/liz.malinovskaya/butoma/bsuir_2020_python/project/venv/lib/python3.8/site-packages/django/views/generic/edit.py", line 142, in post
    return self.form_valid(form)
  File "/Users/liz.malinovskaya/butoma/bsuir_2020_python/project/finance/views.py", line 198, in form_valid
    form.instance.coef = get_currency_rate(from_balance.currency, to_balance.currency)
  File "/Users/liz.malinovskaya/butoma/bsuir_2020_python/project/finance/currency.py", line 10, in get_currency_rate
    rates = json.loads(response.content)['rates']
KeyError: 'rates'
ERROR 2021-09-21 15:46:40,900 basehttp 4641 123145360969728 "POST /finance/transfer/create/USD/USD/ HTTP/1.1" 500 88788
INFO 2021-09-21 15:47:04,929 basehttp 4641 123145360969728 "POST /finance/transfer/create/USD/USD/ HTTP/1.1" 200 4449
ERROR 2021-09-21 15:47:10,121 log 4641 123145360969728 Internal Server Error: /finance/transfer/create/USD/USD/
Traceback (most recent call last):
  File "/Users/liz.malinovskaya/butoma/bsuir_2020_python/project/venv/lib/python3.8/site-packages/django/core/handlers/exception.py", line 47, in inner
    response = get_response(request)
  File "/Users/liz.malinovskaya/butoma/bsuir_2020_python/project/venv/lib/python3.8/site-packages/django/core/handlers/base.py", line 181, in _get_response
    response = wrapped_callback(request, *callback_args, **callback_kwargs)
  File "/Users/liz.malinovskaya/butoma/bsuir_2020_python/project/venv/lib/python3.8/site-packages/django/views/generic/base.py", line 70, in view
    return self.dispatch(request, *args, **kwargs)
  File "/Users/liz.malinovskaya/butoma/bsuir_2020_python/project/venv/lib/python3.8/site-packages/django/contrib/auth/mixins.py", line 71, in dispatch
    return super().dispatch(request, *args, **kwargs)
  File "/Users/liz.malinovskaya/butoma/bsuir_2020_python/project/venv/lib/python3.8/site-packages/django/views/generic/base.py", line 98, in dispatch
    return handler(request, *args, **kwargs)
  File "/Users/liz.malinovskaya/butoma/bsuir_2020_python/project/venv/lib/python3.8/site-packages/django/views/generic/edit.py", line 172, in post
    return super().post(request, *args, **kwargs)
  File "/Users/liz.malinovskaya/butoma/bsuir_2020_python/project/venv/lib/python3.8/site-packages/django/views/generic/edit.py", line 142, in post
    return self.form_valid(form)
  File "/Users/liz.malinovskaya/butoma/bsuir_2020_python/project/finance/views.py", line 198, in form_valid
    form.instance.coef = get_currency_rate(from_balance.currency, to_balance.currency)
  File "/Users/liz.malinovskaya/butoma/bsuir_2020_python/project/finance/currency.py", line 10, in get_currency_rate
    rates = json.loads(response.content)['rates']
KeyError: 'rates'
ERROR 2021-09-21 15:47:10,121 basehttp 4641 123145360969728 "POST /finance/transfer/create/USD/USD/ HTTP/1.1" 500 88788
ERROR 2021-09-21 15:47:18,276 log 4641 123145360969728 Internal Server Error: /finance/transfer/create/USD/USD/
Traceback (most recent call last):
  File "/Users/liz.malinovskaya/butoma/bsuir_2020_python/project/venv/lib/python3.8/site-packages/django/core/handlers/exception.py", line 47, in inner
    response = get_response(request)
  File "/Users/liz.malinovskaya/butoma/bsuir_2020_python/project/venv/lib/python3.8/site-packages/django/core/handlers/base.py", line 181, in _get_response
    response = wrapped_callback(request, *callback_args, **callback_kwargs)
  File "/Users/liz.malinovskaya/butoma/bsuir_2020_python/project/venv/lib/python3.8/site-packages/django/views/generic/base.py", line 70, in view
    return self.dispatch(request, *args, **kwargs)
  File "/Users/liz.malinovskaya/butoma/bsuir_2020_python/project/venv/lib/python3.8/site-packages/django/contrib/auth/mixins.py", line 71, in dispatch
    return super().dispatch(request, *args, **kwargs)
  File "/Users/liz.malinovskaya/butoma/bsuir_2020_python/project/venv/lib/python3.8/site-packages/django/views/generic/base.py", line 98, in dispatch
    return handler(request, *args, **kwargs)
  File "/Users/liz.malinovskaya/butoma/bsuir_2020_python/project/venv/lib/python3.8/site-packages/django/views/generic/edit.py", line 172, in post
    return super().post(request, *args, **kwargs)
  File "/Users/liz.malinovskaya/butoma/bsuir_2020_python/project/venv/lib/python3.8/site-packages/django/views/generic/edit.py", line 142, in post
    return self.form_valid(form)
  File "/Users/liz.malinovskaya/butoma/bsuir_2020_python/project/finance/views.py", line 198, in form_valid
    form.instance.coef = get_currency_rate(from_balance.currency, to_balance.currency)
  File "/Users/liz.malinovskaya/butoma/bsuir_2020_python/project/finance/currency.py", line 10, in get_currency_rate
    rates = json.loads(response.content)['rates']
KeyError: 'rates'
ERROR 2021-09-21 15:47:18,277 basehttp 4641 123145360969728 "POST /finance/transfer/create/USD/USD/ HTTP/1.1" 500 88788
INFO 2021-09-21 15:47:22,202 basehttp 4641 123145360969728 "GET /finance/payment/create/ HTTP/1.1" 200 4826
INFO 2021-09-21 15:47:23,649 basehttp 4641 123145360969728 "GET /finance/expense/create/ HTTP/1.1" 200 3450
INFO 2021-09-21 15:47:29,724 basehttp 4641 123145360969728 "POST /finance/expense/create/ HTTP/1.1" 302 0
INFO 2021-09-21 15:47:29,739 basehttp 4641 123145360969728 "GET /finance/expense/4/ HTTP/1.1" 200 3590
INFO 2021-09-21 15:47:34,031 basehttp 4641 123145360969728 "GET /finance/expense/4/update/ HTTP/1.1" 200 3466
INFO 2021-09-21 15:47:39,887 basehttp 4641 123145360969728 "POST /finance/expense/4/update/ HTTP/1.1" 302 0
INFO 2021-09-21 15:47:39,901 basehttp 4641 123145360969728 "GET /finance/expense/4/ HTTP/1.1" 200 3588
INFO 2021-09-21 15:47:44,316 basehttp 4641 123145360969728 "GET /finance/payment/create/ HTTP/1.1" 200 4867
INFO 2021-09-21 15:48:01,097 basehttp 4641 123145360969728 "POST /finance/payment/create/ HTTP/1.1" 302 0
INFO 2021-09-21 15:48:01,111 basehttp 4641 123145360969728 "GET /finance/payment/3/ HTTP/1.1" 200 3609
INFO 2021-09-21 15:48:04,843 basehttp 4641 123145360969728 "GET /finance/expense/list/ HTTP/1.1" 200 3424
INFO 2021-09-21 15:48:06,196 basehttp 4641 123145360969728 "GET /finance/payment/list/ HTTP/1.1" 200 4076
INFO 2021-09-21 15:48:14,893 basehttp 4641 123145360969728 "GET /finance/balance/list/ HTTP/1.1" 200 3281
INFO 2021-09-21 15:48:16,290 basehttp 4641 123145360969728 "GET /finance/payment/list/ HTTP/1.1" 200 4076
INFO 2021-09-21 15:48:19,113 basehttp 4641 123145360969728 "GET /finance/transfer/list/ HTTP/1.1" 200 3242
INFO 2021-09-21 15:48:23,617 basehttp 4641 123145360969728 "GET /finance/transfer/create/ HTTP/1.1" 200 4074
INFO 2021-09-21 15:48:31,526 basehttp 4641 123145360969728 "POST /finance/transfer/create/ HTTP/1.1" 302 0
ERROR 2021-09-21 15:48:31,998 log 4641 123145360969728 Internal Server Error: /finance/transfer/create/USD/RUB/
Traceback (most recent call last):
  File "/Users/liz.malinovskaya/butoma/bsuir_2020_python/project/venv/lib/python3.8/site-packages/django/core/handlers/exception.py", line 47, in inner
    response = get_response(request)
  File "/Users/liz.malinovskaya/butoma/bsuir_2020_python/project/venv/lib/python3.8/site-packages/django/core/handlers/base.py", line 181, in _get_response
    response = wrapped_callback(request, *callback_args, **callback_kwargs)
  File "/Users/liz.malinovskaya/butoma/bsuir_2020_python/project/venv/lib/python3.8/site-packages/django/views/generic/base.py", line 70, in view
    return self.dispatch(request, *args, **kwargs)
  File "/Users/liz.malinovskaya/butoma/bsuir_2020_python/project/venv/lib/python3.8/site-packages/django/contrib/auth/mixins.py", line 71, in dispatch
    return super().dispatch(request, *args, **kwargs)
  File "/Users/liz.malinovskaya/butoma/bsuir_2020_python/project/venv/lib/python3.8/site-packages/django/views/generic/base.py", line 98, in dispatch
    return handler(request, *args, **kwargs)
  File "/Users/liz.malinovskaya/butoma/bsuir_2020_python/project/finance/views.py", line 190, in get
    coef = get_currency_rate(from_str, to_str)
  File "/Users/liz.malinovskaya/butoma/bsuir_2020_python/project/finance/currency.py", line 10, in get_currency_rate
    rates = json.loads(response.content)['rates']
KeyError: 'rates'
ERROR 2021-09-21 15:48:31,999 basehttp 4641 123145360969728 "GET /finance/transfer/create/USD/RUB/ HTTP/1.1" 500 79236
INFO 2021-09-21 15:48:40,226 basehttp 4641 123145360969728 "POST /finance/transfer/create/ HTTP/1.1" 302 0
ERROR 2021-09-21 15:48:40,702 log 4641 123145360969728 Internal Server Error: /finance/transfer/create/RUB/USD/
Traceback (most recent call last):
  File "/Users/liz.malinovskaya/butoma/bsuir_2020_python/project/venv/lib/python3.8/site-packages/django/core/handlers/exception.py", line 47, in inner
    response = get_response(request)
  File "/Users/liz.malinovskaya/butoma/bsuir_2020_python/project/venv/lib/python3.8/site-packages/django/core/handlers/base.py", line 181, in _get_response
    response = wrapped_callback(request, *callback_args, **callback_kwargs)
  File "/Users/liz.malinovskaya/butoma/bsuir_2020_python/project/venv/lib/python3.8/site-packages/django/views/generic/base.py", line 70, in view
    return self.dispatch(request, *args, **kwargs)
  File "/Users/liz.malinovskaya/butoma/bsuir_2020_python/project/venv/lib/python3.8/site-packages/django/contrib/auth/mixins.py", line 71, in dispatch
    return super().dispatch(request, *args, **kwargs)
  File "/Users/liz.malinovskaya/butoma/bsuir_2020_python/project/venv/lib/python3.8/site-packages/django/views/generic/base.py", line 98, in dispatch
    return handler(request, *args, **kwargs)
  File "/Users/liz.malinovskaya/butoma/bsuir_2020_python/project/finance/views.py", line 190, in get
    coef = get_currency_rate(from_str, to_str)
  File "/Users/liz.malinovskaya/butoma/bsuir_2020_python/project/finance/currency.py", line 10, in get_currency_rate
    rates = json.loads(response.content)['rates']
KeyError: 'rates'
ERROR 2021-09-21 15:48:40,703 basehttp 4641 123145360969728 "GET /finance/transfer/create/RUB/USD/ HTTP/1.1" 500 79236
INFO 2021-09-21 15:48:45,782 basehttp 4641 123145360969728 "POST /finance/transfer/create/ HTTP/1.1" 302 0
INFO 2021-09-21 15:48:45,824 basehttp 4641 123145360969728 "GET /finance/transfer/create/USD/USD/ HTTP/1.1" 200 4306
ERROR 2021-09-21 15:48:55,467 log 4641 123145360969728 Internal Server Error: /finance/transfer/create/USD/USD/
Traceback (most recent call last):
  File "/Users/liz.malinovskaya/butoma/bsuir_2020_python/project/venv/lib/python3.8/site-packages/django/core/handlers/exception.py", line 47, in inner
    response = get_response(request)
  File "/Users/liz.malinovskaya/butoma/bsuir_2020_python/project/venv/lib/python3.8/site-packages/django/core/handlers/base.py", line 181, in _get_response
    response = wrapped_callback(request, *callback_args, **callback_kwargs)
  File "/Users/liz.malinovskaya/butoma/bsuir_2020_python/project/venv/lib/python3.8/site-packages/django/views/generic/base.py", line 70, in view
    return self.dispatch(request, *args, **kwargs)
  File "/Users/liz.malinovskaya/butoma/bsuir_2020_python/project/venv/lib/python3.8/site-packages/django/contrib/auth/mixins.py", line 71, in dispatch
    return super().dispatch(request, *args, **kwargs)
  File "/Users/liz.malinovskaya/butoma/bsuir_2020_python/project/venv/lib/python3.8/site-packages/django/views/generic/base.py", line 98, in dispatch
    return handler(request, *args, **kwargs)
  File "/Users/liz.malinovskaya/butoma/bsuir_2020_python/project/venv/lib/python3.8/site-packages/django/views/generic/edit.py", line 172, in post
    return super().post(request, *args, **kwargs)
  File "/Users/liz.malinovskaya/butoma/bsuir_2020_python/project/venv/lib/python3.8/site-packages/django/views/generic/edit.py", line 142, in post
    return self.form_valid(form)
  File "/Users/liz.malinovskaya/butoma/bsuir_2020_python/project/finance/views.py", line 198, in form_valid
    form.instance.coef = get_currency_rate(from_balance.currency, to_balance.currency)
  File "/Users/liz.malinovskaya/butoma/bsuir_2020_python/project/finance/currency.py", line 10, in get_currency_rate
    rates = json.loads(response.content)['rates']
KeyError: 'rates'
ERROR 2021-09-21 15:48:55,469 basehttp 4641 123145360969728 "POST /finance/transfer/create/USD/USD/ HTTP/1.1" 500 88789
INFO 2021-09-21 15:49:07,710 basehttp 4641 123145360969728 "GET /finance/balance/create/ HTTP/1.1" 200 4153
INFO 2021-09-21 15:49:29,468 basehttp 4641 123145360969728 "POST /finance/balance/create/ HTTP/1.1" 302 0
INFO 2021-09-21 15:49:29,485 basehttp 4641 123145360969728 "GET /finance/balance/4/ HTTP/1.1" 200 3708
INFO 2021-09-21 15:49:40,445 basehttp 4641 123145360969728 "GET /finance/transfer/create/ HTTP/1.1" 200 4074
INFO 2021-09-21 15:49:45,554 basehttp 4641 123145360969728 "POST /finance/transfer/create/ HTTP/1.1" 302 0
ERROR 2021-09-21 15:49:46,034 log 4641 123145360969728 Internal Server Error: /finance/transfer/create/RUB/USD/
Traceback (most recent call last):
  File "/Users/liz.malinovskaya/butoma/bsuir_2020_python/project/venv/lib/python3.8/site-packages/django/core/handlers/exception.py", line 47, in inner
    response = get_response(request)
  File "/Users/liz.malinovskaya/butoma/bsuir_2020_python/project/venv/lib/python3.8/site-packages/django/core/handlers/base.py", line 181, in _get_response
    response = wrapped_callback(request, *callback_args, **callback_kwargs)
  File "/Users/liz.malinovskaya/butoma/bsuir_2020_python/project/venv/lib/python3.8/site-packages/django/views/generic/base.py", line 70, in view
    return self.dispatch(request, *args, **kwargs)
  File "/Users/liz.malinovskaya/butoma/bsuir_2020_python/project/venv/lib/python3.8/site-packages/django/contrib/auth/mixins.py", line 71, in dispatch
    return super().dispatch(request, *args, **kwargs)
  File "/Users/liz.malinovskaya/butoma/bsuir_2020_python/project/venv/lib/python3.8/site-packages/django/views/generic/base.py", line 98, in dispatch
    return handler(request, *args, **kwargs)
  File "/Users/liz.malinovskaya/butoma/bsuir_2020_python/project/finance/views.py", line 190, in get
    coef = get_currency_rate(from_str, to_str)
  File "/Users/liz.malinovskaya/butoma/bsuir_2020_python/project/finance/currency.py", line 10, in get_currency_rate
    rates = json.loads(response.content)['rates']
KeyError: 'rates'
ERROR 2021-09-21 15:49:46,034 basehttp 4641 123145360969728 "GET /finance/transfer/create/RUB/USD/ HTTP/1.1" 500 79236
INFO 2021-09-21 15:49:50,108 basehttp 4641 123145360969728 "POST /finance/transfer/create/ HTTP/1.1" 302 0
INFO 2021-09-21 15:49:50,136 basehttp 4641 123145360969728 "GET /finance/transfer/create/RUB/RUB/ HTTP/1.1" 200 4222
ERROR 2021-09-21 15:49:56,965 log 4641 123145360969728 Internal Server Error: /finance/transfer/create/RUB/RUB/
Traceback (most recent call last):
  File "/Users/liz.malinovskaya/butoma/bsuir_2020_python/project/venv/lib/python3.8/site-packages/django/core/handlers/exception.py", line 47, in inner
    response = get_response(request)
  File "/Users/liz.malinovskaya/butoma/bsuir_2020_python/project/venv/lib/python3.8/site-packages/django/core/handlers/base.py", line 181, in _get_response
    response = wrapped_callback(request, *callback_args, **callback_kwargs)
  File "/Users/liz.malinovskaya/butoma/bsuir_2020_python/project/venv/lib/python3.8/site-packages/django/views/generic/base.py", line 70, in view
    return self.dispatch(request, *args, **kwargs)
  File "/Users/liz.malinovskaya/butoma/bsuir_2020_python/project/venv/lib/python3.8/site-packages/django/contrib/auth/mixins.py", line 71, in dispatch
    return super().dispatch(request, *args, **kwargs)
  File "/Users/liz.malinovskaya/butoma/bsuir_2020_python/project/venv/lib/python3.8/site-packages/django/views/generic/base.py", line 98, in dispatch
    return handler(request, *args, **kwargs)
  File "/Users/liz.malinovskaya/butoma/bsuir_2020_python/project/venv/lib/python3.8/site-packages/django/views/generic/edit.py", line 172, in post
    return super().post(request, *args, **kwargs)
  File "/Users/liz.malinovskaya/butoma/bsuir_2020_python/project/venv/lib/python3.8/site-packages/django/views/generic/edit.py", line 142, in post
    return self.form_valid(form)
  File "/Users/liz.malinovskaya/butoma/bsuir_2020_python/project/finance/views.py", line 198, in form_valid
    form.instance.coef = get_currency_rate(from_balance.currency, to_balance.currency)
  File "/Users/liz.malinovskaya/butoma/bsuir_2020_python/project/finance/currency.py", line 10, in get_currency_rate
    rates = json.loads(response.content)['rates']
KeyError: 'rates'
ERROR 2021-09-21 15:49:56,966 basehttp 4641 123145360969728 "POST /finance/transfer/create/RUB/RUB/ HTTP/1.1" 500 88788
INFO 2021-09-21 15:50:06,394 basehttp 4641 123145360969728 "GET /account/profile/ HTTP/1.1" 200 6391
INFO 2021-09-21 15:50:06,401 basehttp 4641 123145360969728 "GET /media/profile_pics/488E73C3-5E7F-474A-80CD-C6DC61EAAA0A_1_201_a.jpeg HTTP/1.1" 304 0
INFO 2021-09-21 15:50:26,109 basehttp 4641 123145360969728 "GET /media/profile_pics/488E73C3-5E7F-474A-80CD-C6DC61EAAA0A_1_201_a.jpeg HTTP/1.1" 200 4974
INFO 2021-09-21 15:51:03,438 basehttp 4641 123145360969728 "POST /account/profile/ HTTP/1.1" 302 0
INFO 2021-09-21 15:51:03,473 basehttp 4641 123145360969728 "GET /account/profile/ HTTP/1.1" 200 6551
INFO 2021-09-21 15:51:03,480 basehttp 4641 123145360969728 "GET /media/profile_pics/E5E8F203-2F31-48F3-B526-6EDF6AA66E97.jpeg HTTP/1.1" 200 11596
INFO 2021-09-21 15:51:11,869 basehttp 4641 123145360969728 "GET /media/profile_pics/E5E8F203-2F31-48F3-B526-6EDF6AA66E97.jpeg HTTP/1.1" 200 11596
INFO 2021-09-21 15:51:19,102 basehttp 4641 123145360969728 "GET /finance/balance/create/ HTTP/1.1" 200 4153
INFO 2021-09-21 16:30:29,121 autoreload 4783 4441484800 Watching for file changes with StatReloader
WARNING 2021-09-21 16:30:36,654 basehttp 4783 123145585987584 "GET / HTTP/1.1" 404 2532
INFO 2021-09-21 16:30:42,204 basehttp 4783 123145602777088 "GET /account/profile/ HTTP/1.1" 200 6367
INFO 2021-09-21 16:30:42,211 basehttp 4783 123145602777088 "GET /media/profile_pics/E5E8F203-2F31-48F3-B526-6EDF6AA66E97.jpeg HTTP/1.1" 304 0
INFO 2021-09-21 16:30:42,772 basehttp 4783 123145602777088 "GET /admin/login/?next=/admin/ HTTP/1.1" 200 2367
INFO 2021-09-21 16:30:42,779 basehttp 4783 123145602777088 "GET /static/admin/css/base.css HTTP/1.1" 304 0
INFO 2021-09-21 16:30:42,786 basehttp 4783 123145669935104 "GET /static/admin/css/responsive.css HTTP/1.1" 304 0
INFO 2021-09-21 16:30:42,787 basehttp 4783 123145602777088 "GET /static/admin/css/fonts.css HTTP/1.1" 304 0
INFO 2021-09-21 16:30:42,788 basehttp 4783 123145619566592 "GET /static/admin/css/nav_sidebar.css HTTP/1.1" 304 0
INFO 2021-09-21 16:30:42,788 basehttp 4783 123145636356096 "GET /static/admin/js/nav_sidebar.js HTTP/1.1" 304 0
INFO 2021-09-21 16:30:42,788 basehttp 4783 123145653145600 "GET /static/admin/css/login.css HTTP/1.1" 304 0
INFO 2021-09-21 16:30:42,796 basehttp 4783 123145602777088 "GET /static/admin/fonts/Roboto-Regular-webfont.woff HTTP/1.1" 304 0
INFO 2021-09-21 16:30:42,811 basehttp 4783 123145602777088 "GET /static/admin/fonts/Roboto-Bold-webfont.woff HTTP/1.1" 304 0
INFO 2021-09-21 16:30:42,811 basehttp 4783 123145619566592 "GET /static/admin/fonts/Roboto-Light-webfont.woff HTTP/1.1" 304 0
INFO 2021-09-21 16:30:43,853 basehttp 4783 123145602777088 "GET /admin/ HTTP/1.1" 302 0
INFO 2021-09-21 16:30:43,878 basehttp 4783 123145602777088 "GET /admin/login/?next=/admin/ HTTP/1.1" 200 2367
INFO 2021-09-21 16:30:44,586 basehttp 4783 123145602777088 "GET /admin/login/?next=/admin/ HTTP/1.1" 200 2367
INFO 2021-09-21 16:30:46,755 basehttp 4783 123145602777088 "GET /admin/ HTTP/1.1" 302 0
INFO 2021-09-21 16:30:46,778 basehttp 4783 123145602777088 "GET /admin/login/?next=/admin/ HTTP/1.1" 200 2367
INFO 2021-09-21 16:30:57,509 basehttp 4783 123145585987584 "POST /admin/login/?next=/admin/ HTTP/1.1" 302 0
INFO 2021-09-21 16:30:57,579 basehttp 4783 123145585987584 "GET /admin/ HTTP/1.1" 200 5942
INFO 2021-09-21 16:30:57,588 basehttp 4783 123145585987584 "GET /static/admin/css/dashboard.css HTTP/1.1" 200 380
INFO 2021-09-21 16:30:57,599 basehttp 4783 123145585987584 "GET /static/admin/img/icon-addlink.svg HTTP/1.1" 200 331
INFO 2021-09-21 16:30:57,600 basehttp 4783 123145686724608 "GET /static/admin/img/icon-changelink.svg HTTP/1.1" 200 380
INFO 2021-09-21 16:31:06,315 basehttp 4783 123145585987584 "GET /admin/auth/user/ HTTP/1.1" 200 10217
INFO 2021-09-21 16:31:06,326 basehttp 4783 123145585987584 "GET /static/admin/css/changelists.css HTTP/1.1" 200 6874
INFO 2021-09-21 16:31:06,334 basehttp 4783 123145686724608 "GET /admin/jsi18n/ HTTP/1.1" 200 3195
INFO 2021-09-21 16:31:06,336 basehttp 4783 123145737093120 "GET /static/admin/js/core.js HTTP/1.1" 200 5698
INFO 2021-09-21 16:31:06,337 basehttp 4783 123145753882624 "GET /static/admin/js/admin/RelatedObjectLookups.js HTTP/1.1" 200 5984
INFO 2021-09-21 16:31:06,338 basehttp 4783 123145585987584 "GET /static/admin/js/actions.js HTTP/1.1" 200 7664
INFO 2021-09-21 16:31:06,338 basehttp 4783 123145720303616 "GET /static/admin/js/jquery.init.js HTTP/1.1" 200 347
INFO 2021-09-21 16:31:06,340 basehttp 4783 123145686724608 "GET /static/admin/js/urlify.js HTTP/1.1" 200 7902
INFO 2021-09-21 16:31:06,342 basehttp 4783 123145737093120 "GET /static/admin/js/prepopulate.js HTTP/1.1" 200 1531
INFO 2021-09-21 16:31:06,343 basehttp 4783 123145753882624 "GET /static/admin/img/search.svg HTTP/1.1" 200 458
INFO 2021-09-21 16:31:06,345 basehttp 4783 123145720303616 "GET /static/admin/img/icon-yes.svg HTTP/1.1" 200 436
INFO 2021-09-21 16:31:06,346 basehttp 4783 123145686724608 "GET /static/admin/img/icon-no.svg HTTP/1.1" 200 560
INFO 2021-09-21 16:31:06,356 basehttp 4783 123145703514112 "GET /static/admin/js/vendor/jquery/jquery.js HTTP/1.1" 200 287630
INFO 2021-09-21 16:31:06,357 basehttp 4783 123145585987584 "GET /static/admin/js/vendor/xregexp/xregexp.js HTTP/1.1" 200 232381
INFO 2021-09-21 16:31:06,390 basehttp 4783 123145686724608 "GET /static/admin/img/sorting-icons.svg HTTP/1.1" 200 1097
INFO 2021-09-21 16:31:06,391 basehttp 4783 123145585987584 "GET /static/admin/img/tooltag-add.svg HTTP/1.1" 200 331
INFO 2021-09-21 16:31:10,133 basehttp 4783 123145585987584 "GET /admin/finance/balance/ HTTP/1.1" 200 7973
INFO 2021-09-21 16:31:10,147 basehttp 4783 123145585987584 "GET /admin/jsi18n/ HTTP/1.1" 200 3195
INFO 2021-09-21 16:31:17,832 basehttp 4783 123145585987584 "GET /admin/finance/expense/ HTTP/1.1" 200 7966
INFO 2021-09-21 16:31:17,842 basehttp 4783 123145585987584 "GET /admin/jsi18n/ HTTP/1.1" 200 3195
INFO 2021-09-21 16:31:19,827 basehttp 4783 123145585987584 "GET /admin/finance/payment/ HTTP/1.1" 200 7826
INFO 2021-09-21 16:31:19,837 basehttp 4783 123145585987584 "GET /admin/jsi18n/ HTTP/1.1" 200 3195
INFO 2021-09-21 16:31:21,065 basehttp 4783 123145585987584 "GET /admin/finance/expense/ HTTP/1.1" 200 7966
INFO 2021-09-21 16:31:21,076 basehttp 4783 123145585987584 "GET /admin/jsi18n/ HTTP/1.1" 200 3195
INFO 2021-09-21 16:31:22,560 basehttp 4783 123145585987584 "GET /admin/auth/group/ HTTP/1.1" 200 6706
INFO 2021-09-21 16:31:22,570 basehttp 4783 123145585987584 "GET /admin/jsi18n/ HTTP/1.1" 200 3195
INFO 2021-09-21 16:31:23,981 basehttp 4783 123145585987584 "GET /admin/auth/user/ HTTP/1.1" 200 10217
INFO 2021-09-21 16:31:23,991 basehttp 4783 123145585987584 "GET /admin/jsi18n/ HTTP/1.1" 200 3195
INFO 2021-09-21 16:31:25,066 basehttp 4783 123145585987584 "GET /admin/accounts/profile/ HTTP/1.1" 200 7836
INFO 2021-09-21 16:31:25,078 basehttp 4783 123145585987584 "GET /admin/jsi18n/ HTTP/1.1" 200 3195
INFO 2021-09-21 16:33:27,130 autoreload 4783 4441484800 /Users/liz.malinovskaya/butoma/bsuir_2020_python/project/accounts/migrations/0001_initial.py changed, reloading.
INFO 2021-09-21 16:33:27,621 autoreload 4823 4595305984 Watching for file changes with StatReloader
INFO 2021-09-21 16:36:15,018 autoreload 4823 4595305984 /Users/liz.malinovskaya/butoma/bsuir_2020_python/project/finance/migrations/0001_initial.py changed, reloading.
INFO 2021-09-21 16:36:15,435 autoreload 4860 4653977088 Watching for file changes with StatReloader
INFO 2021-09-21 16:45:52,715 autoreload 5014 4491488768 Watching for file changes with StatReloader
INFO 2021-09-21 16:47:23,733 autoreload 5034 4505529856 Watching for file changes with StatReloader
